  main.cpp
D:\WORKSPACE\C++\QLDSV\QuanLyDiemSinhVien\MonHoc.h(257,6): warning C4101: 'key': unreferenced local variable
D:\WORKSPACE\C++\QLDSV\QuanLyDiemSinhVien\LopTinChi.h(382,6): warning C4101: 'key': unreferenced local variable
D:\WORKSPACE\C++\QLDSV\QuanLyDiemSinhVien\XulyTam.h(329,20): warning C4018: '<': signed/unsigned mismatch
D:\WORKSPACE\C++\QLDSV\QuanLyDiemSinhVien\XulyTam.h(361,18): warning C4244: '=': conversion from 'double' to 'float', possible loss of data
D:\WORKSPACE\C++\QLDSV\QuanLyDiemSinhVien\SinhVien.h(7,16): error C2011: 'student': 'struct' type redefinition
D:\WORKSPACE\C++\QLDSV\QuanLyDiemSinhVien\SinhVien.h(7): message : see declaration of 'student'
D:\WORKSPACE\C++\QLDSV\QuanLyDiemSinhVien\SinhVien.h(19,20): error C2011: 'ListStudent': 'struct' type redefinition
D:\WORKSPACE\C++\QLDSV\QuanLyDiemSinhVien\SinhVien.h(19): message : see declaration of 'ListStudent'
D:\WORKSPACE\C++\QLDSV\QuanLyDiemSinhVien\SinhVien.h(27,6): error C2084: function 'void InitListStudent(LIST_STUDENT &)' already has a body
D:\WORKSPACE\C++\QLDSV\QuanLyDiemSinhVien\SinhVien.h(27): message : see previous definition of 'InitListStudent'
D:\WORKSPACE\C++\QLDSV\QuanLyDiemSinhVien\SinhVien.h(31,6): error C2084: function 'void AddHeadListStudent(LIST_STUDENT &,STUDENT)' already has a body
D:\WORKSPACE\C++\QLDSV\QuanLyDiemSinhVien\SinhVien.h(31): message : see previous definition of 'AddHeadListStudent'
D:\WORKSPACE\C++\QLDSV\QuanLyDiemSinhVien\SinhVien.h(31,6): error C2027: use of undefined type 'student'
D:\WORKSPACE\C++\QLDSV\QuanLyDiemSinhVien\SinhVien.h(7): message : see declaration of 'student'
D:\WORKSPACE\C++\QLDSV\QuanLyDiemSinhVien\SinhVien.h(33,5): error C2027: use of undefined type 'ListStudent'
D:\WORKSPACE\C++\QLDSV\QuanLyDiemSinhVien\SinhVien.h(19): message : see declaration of 'ListStudent'
D:\WORKSPACE\C++\QLDSV\QuanLyDiemSinhVien\SinhVien.h(36,2): error C2027: use of undefined type 'ListStudent'
D:\WORKSPACE\C++\QLDSV\QuanLyDiemSinhVien\SinhVien.h(19): message : see declaration of 'ListStudent'
D:\WORKSPACE\C++\QLDSV\QuanLyDiemSinhVien\SinhVien.h(37,4): error C2027: use of undefined type 'ListStudent'
D:\WORKSPACE\C++\QLDSV\QuanLyDiemSinhVien\SinhVien.h(19): message : see declaration of 'ListStudent'
D:\WORKSPACE\C++\QLDSV\QuanLyDiemSinhVien\SinhVien.h(37,18): error C2027: use of undefined type 'ListStudent'
D:\WORKSPACE\C++\QLDSV\QuanLyDiemSinhVien\SinhVien.h(19): message : see declaration of 'ListStudent'
D:\WORKSPACE\C++\QLDSV\QuanLyDiemSinhVien\SinhVien.h(39,3): error C2027: use of undefined type 'ListStudent'
D:\WORKSPACE\C++\QLDSV\QuanLyDiemSinhVien\SinhVien.h(19): message : see declaration of 'ListStudent'
D:\WORKSPACE\C++\QLDSV\QuanLyDiemSinhVien\SinhVien.h(42,6): error C2084: function 'bool ListStudentIsEmty(LIST_STUDENT)' already has a body
D:\WORKSPACE\C++\QLDSV\QuanLyDiemSinhVien\SinhVien.h(42): message : see previous definition of 'ListStudentIsEmty'
D:\WORKSPACE\C++\QLDSV\QuanLyDiemSinhVien\SinhVien.h(42,6): error C2027: use of undefined type 'ListStudent'
D:\WORKSPACE\C++\QLDSV\QuanLyDiemSinhVien\SinhVien.h(19): message : see declaration of 'ListStudent'
D:\WORKSPACE\C++\QLDSV\QuanLyDiemSinhVien\SinhVien.h(44,10): error C2027: use of undefined type 'ListStudent'
D:\WORKSPACE\C++\QLDSV\QuanLyDiemSinhVien\SinhVien.h(19): message : see declaration of 'ListStudent'
D:\WORKSPACE\C++\QLDSV\QuanLyDiemSinhVien\SinhVien.h(47,6): error C2084: function 'void AddTailListStudent(LIST_STUDENT &,STUDENT)' already has a body
D:\WORKSPACE\C++\QLDSV\QuanLyDiemSinhVien\SinhVien.h(47): message : see previous definition of 'AddTailListStudent'
D:\WORKSPACE\C++\QLDSV\QuanLyDiemSinhVien\SinhVien.h(47,6): error C2027: use of undefined type 'student'
D:\WORKSPACE\C++\QLDSV\QuanLyDiemSinhVien\SinhVien.h(7): message : see declaration of 'student'
D:\WORKSPACE\C++\QLDSV\QuanLyDiemSinhVien\SinhVien.h(49,3): error C2027: use of undefined type 'ListStudent'
D:\WORKSPACE\C++\QLDSV\QuanLyDiemSinhVien\SinhVien.h(19): message : see declaration of 'ListStudent'
D:\WORKSPACE\C++\QLDSV\QuanLyDiemSinhVien\SinhVien.h(49,12): error C2027: use of undefined type 'ListStudent'
D:\WORKSPACE\C++\QLDSV\QuanLyDiemSinhVien\SinhVien.h(19): message : see declaration of 'ListStudent'
D:\WORKSPACE\C++\QLDSV\QuanLyDiemSinhVien\SinhVien.h(51,5): error C2027: use of undefined type 'ListStudent'
D:\WORKSPACE\C++\QLDSV\QuanLyDiemSinhVien\SinhVien.h(19): message : see declaration of 'ListStudent'
D:\WORKSPACE\C++\QLDSV\QuanLyDiemSinhVien\SinhVien.h(54,6): error C2084: function 'bool FindStudent(LIST_STUDENT,char *)' already has a body
D:\WORKSPACE\C++\QLDSV\QuanLyDiemSinhVien\SinhVien.h(54): message : see previous definition of 'FindStudent'
D:\WORKSPACE\C++\QLDSV\QuanLyDiemSinhVien\SinhVien.h(54,6): error C2027: use of undefined type 'ListStudent'
D:\WORKSPACE\C++\QLDSV\QuanLyDiemSinhVien\SinhVien.h(19): message : see declaration of 'ListStudent'
D:\WORKSPACE\C++\QLDSV\QuanLyDiemSinhVien\SinhVien.h(56,23): error C2027: use of undefined type 'ListStudent'
D:\WORKSPACE\C++\QLDSV\QuanLyDiemSinhVien\SinhVien.h(19): message : see declaration of 'ListStudent'
D:\WORKSPACE\C++\QLDSV\QuanLyDiemSinhVien\SinhVien.h(57,6): error C2027: use of undefined type 'ListStudent'
D:\WORKSPACE\C++\QLDSV\QuanLyDiemSinhVien\SinhVien.h(19): message : see declaration of 'ListStudent'
D:\WORKSPACE\C++\QLDSV\QuanLyDiemSinhVien\SinhVien.h(65,9): error C2084: function 'STUDENT FindStudentByOrdinal(LIST_STUDENT,int)' already has a body
D:\WORKSPACE\C++\QLDSV\QuanLyDiemSinhVien\SinhVien.h(65): message : see previous definition of 'FindStudentByOrdinal'
D:\WORKSPACE\C++\QLDSV\QuanLyDiemSinhVien\SinhVien.h(66,1): error C2027: use of undefined type 'student'
D:\WORKSPACE\C++\QLDSV\QuanLyDiemSinhVien\SinhVien.h(7): message : see declaration of 'student'
D:\WORKSPACE\C++\QLDSV\QuanLyDiemSinhVien\SinhVien.h(65,9): error C2027: use of undefined type 'ListStudent'
D:\WORKSPACE\C++\QLDSV\QuanLyDiemSinhVien\SinhVien.h(19): message : see declaration of 'ListStudent'
D:\WORKSPACE\C++\QLDSV\QuanLyDiemSinhVien\SinhVien.h(65,9): error C2027: use of undefined type 'student'
D:\WORKSPACE\C++\QLDSV\QuanLyDiemSinhVien\SinhVien.h(7): message : see declaration of 'student'
D:\WORKSPACE\C++\QLDSV\QuanLyDiemSinhVien\SinhVien.h(67,10): error C2027: use of undefined type 'ListStudent'
D:\WORKSPACE\C++\QLDSV\QuanLyDiemSinhVien\SinhVien.h(19): message : see declaration of 'ListStudent'
D:\WORKSPACE\C++\QLDSV\QuanLyDiemSinhVien\SinhVien.h(81,6): error C2084: function 'void InsertOrderForListStudent(LIST_STUDENT &,STUDENT)' already has a body
D:\WORKSPACE\C++\QLDSV\QuanLyDiemSinhVien\SinhVien.h(81): message : see previous definition of 'InsertOrderForListStudent'
D:\WORKSPACE\C++\QLDSV\QuanLyDiemSinhVien\SinhVien.h(81,6): error C2027: use of undefined type 'student'
D:\WORKSPACE\C++\QLDSV\QuanLyDiemSinhVien\SinhVien.h(7): message : see declaration of 'student'
D:\WORKSPACE\C++\QLDSV\QuanLyDiemSinhVien\SinhVien.h(83,3): error C2027: use of undefined type 'ListStudent'
D:\WORKSPACE\C++\QLDSV\QuanLyDiemSinhVien\SinhVien.h(19): message : see declaration of 'ListStudent'
D:\WORKSPACE\C++\QLDSV\QuanLyDiemSinhVien\SinhVien.h(83,12): error C2027: use of undefined type 'ListStudent'
D:\WORKSPACE\C++\QLDSV\QuanLyDiemSinhVien\SinhVien.h(19): message : see declaration of 'ListStudent'
D:\WORKSPACE\C++\QLDSV\QuanLyDiemSinhVien\SinhVien.h(84,3): error C2027: use of undefined type 'ListStudent'
D:\WORKSPACE\C++\QLDSV\QuanLyDiemSinhVien\SinhVien.h(19): message : see declaration of 'ListStudent'
D:\WORKSPACE\C++\QLDSV\QuanLyDiemSinhVien\SinhVien.h(87,6): error C2084: function 'bool IsDeletedHead(LIST_STUDENT &)' already has a body
D:\WORKSPACE\C++\QLDSV\QuanLyDiemSinhVien\SinhVien.h(87): message : see previous definition of 'IsDeletedHead'
D:\WORKSPACE\C++\QLDSV\QuanLyDiemSinhVien\SinhVien.h(98,6): error C2084: function 'bool IsDeletedTail(LIST_STUDENT &)' already has a body
D:\WORKSPACE\C++\QLDSV\QuanLyDiemSinhVien\SinhVien.h(98): message : see previous definition of 'IsDeletedTail'
D:\WORKSPACE\C++\QLDSV\QuanLyDiemSinhVien\SinhVien.h(118,6): error C2084: function 'bool IsDeletedAfter(LIST_STUDENT &,STUDENT)' already has a body
D:\WORKSPACE\C++\QLDSV\QuanLyDiemSinhVien\SinhVien.h(118): message : see previous definition of 'IsDeletedAfter'
D:\WORKSPACE\C++\QLDSV\QuanLyDiemSinhVien\SinhVien.h(118,6): error C2027: use of undefined type 'student'
D:\WORKSPACE\C++\QLDSV\QuanLyDiemSinhVien\SinhVien.h(7): message : see declaration of 'student'
D:\WORKSPACE\C++\QLDSV\QuanLyDiemSinhVien\SinhVien.h(128,6): error C2084: function 'bool IsDeletedStudentWithId(LIST_STUDENT &,STUDENT)' already has a body
D:\WORKSPACE\C++\QLDSV\QuanLyDiemSinhVien\SinhVien.h(128): message : see previous definition of 'IsDeletedStudentWithId'
D:\WORKSPACE\C++\QLDSV\QuanLyDiemSinhVien\SinhVien.h(128,6): error C2027: use of undefined type 'student'
D:\WORKSPACE\C++\QLDSV\QuanLyDiemSinhVien\SinhVien.h(7): message : see declaration of 'student'
D:\WORKSPACE\C++\QLDSV\QuanLyDiemSinhVien\SinhVien.h(144,6): error C2084: function 'bool ClearListStudent(LIST_STUDENT &)' already has a body
D:\WORKSPACE\C++\QLDSV\QuanLyDiemSinhVien\SinhVien.h(144): message : see previous definition of 'ClearListStudent'
D:\WORKSPACE\C++\QLDSV\QuanLyDiemSinhVien\SinhVien.h(146,3): error C2027: use of undefined type 'ListStudent'
D:\WORKSPACE\C++\QLDSV\QuanLyDiemSinhVien\SinhVien.h(19): message : see declaration of 'ListStudent'
D:\WORKSPACE\C++\QLDSV\QuanLyDiemSinhVien\SinhVien.h(150,6): error C2084: function 'void OutputStudent(STUDENT,int)' already has a body
D:\WORKSPACE\C++\QLDSV\QuanLyDiemSinhVien\SinhVien.h(150): message : see previous definition of 'OutputStudent'
D:\WORKSPACE\C++\QLDSV\QuanLyDiemSinhVien\SinhVien.h(150,6): error C2027: use of undefined type 'student'
D:\WORKSPACE\C++\QLDSV\QuanLyDiemSinhVien\SinhVien.h(7): message : see declaration of 'student'
D:\WORKSPACE\C++\QLDSV\QuanLyDiemSinhVien\SinhVien.h(153,64): error C2027: use of undefined type 'student'
D:\WORKSPACE\C++\QLDSV\QuanLyDiemSinhVien\SinhVien.h(7): message : see declaration of 'student'
D:\WORKSPACE\C++\QLDSV\QuanLyDiemSinhVien\SinhVien.h(155,64): error C2027: use of undefined type 'student'
D:\WORKSPACE\C++\QLDSV\QuanLyDiemSinhVien\SinhVien.h(7): message : see declaration of 'student'
D:\WORKSPACE\C++\QLDSV\QuanLyDiemSinhVien\SinhVien.h(156,64): error C2027: use of undefined type 'student'
D:\WORKSPACE\C++\QLDSV\QuanLyDiemSinhVien\SinhVien.h(7): message : see declaration of 'student'
D:\WORKSPACE\C++\QLDSV\QuanLyDiemSinhVien\SinhVien.h(158,5): error C2027: use of undefined type 'student'
D:\WORKSPACE\C++\QLDSV\QuanLyDiemSinhVien\SinhVien.h(7): message : see declaration of 'student'
D:\WORKSPACE\C++\QLDSV\QuanLyDiemSinhVien\SinhVien.h(160,64): error C2027: use of undefined type 'student'
D:\WORKSPACE\C++\QLDSV\QuanLyDiemSinhVien\SinhVien.h(7): message : see declaration of 'student'
D:\WORKSPACE\C++\QLDSV\QuanLyDiemSinhVien\SinhVien.h(161,64): error C2027: use of undefined type 'student'
D:\WORKSPACE\C++\QLDSV\QuanLyDiemSinhVien\SinhVien.h(7): message : see declaration of 'student'
D:\WORKSPACE\C++\QLDSV\QuanLyDiemSinhVien\SinhVien.h(164,6): error C2084: function 'void OutputListStudentWithIdClassPerPage(LIST_STUDENT,int)' already has a body
D:\WORKSPACE\C++\QLDSV\QuanLyDiemSinhVien\SinhVien.h(164): message : see previous definition of 'OutputListStudentWithIdClassPerPage'
D:\WORKSPACE\C++\QLDSV\QuanLyDiemSinhVien\SinhVien.h(164,6): error C2027: use of undefined type 'ListStudent'
D:\WORKSPACE\C++\QLDSV\QuanLyDiemSinhVien\SinhVien.h(19): message : see declaration of 'ListStudent'
D:\WORKSPACE\C++\QLDSV\QuanLyDiemSinhVien\SinhVien.h(184,18): error C2027: use of undefined type 'ListStudent'
D:\WORKSPACE\C++\QLDSV\QuanLyDiemSinhVien\SinhVien.h(19): message : see declaration of 'ListStudent'
D:\WORKSPACE\C++\QLDSV\QuanLyDiemSinhVien\SinhVien.h(184,3): error C2065: 'OutputStudent': undeclared identifier
D:\WORKSPACE\C++\QLDSV\QuanLyDiemSinhVien\SinhVien.h(191,6): error C2084: function 'bool DataStudentIsEmty(STUDENT)' already has a body
D:\WORKSPACE\C++\QLDSV\QuanLyDiemSinhVien\SinhVien.h(191): message : see previous definition of 'DataStudentIsEmty'
D:\WORKSPACE\C++\QLDSV\QuanLyDiemSinhVien\SinhVien.h(191,6): error C2027: use of undefined type 'student'
D:\WORKSPACE\C++\QLDSV\QuanLyDiemSinhVien\SinhVien.h(7): message : see declaration of 'student'
D:\WORKSPACE\C++\QLDSV\QuanLyDiemSinhVien\SinhVien.h(193,5): error C2027: use of undefined type 'student'
D:\WORKSPACE\C++\QLDSV\QuanLyDiemSinhVien\SinhVien.h(7): message : see declaration of 'student'
D:\WORKSPACE\C++\QLDSV\QuanLyDiemSinhVien\SinhVien.h(194,5): error C2027: use of undefined type 'student'
D:\WORKSPACE\C++\QLDSV\QuanLyDiemSinhVien\SinhVien.h(7): message : see declaration of 'student'
D:\WORKSPACE\C++\QLDSV\QuanLyDiemSinhVien\SinhVien.h(198,65): error C2572: 'InputStudent': redefinition of default argument: parameter 1
D:\WORKSPACE\C++\QLDSV\QuanLyDiemSinhVien\SinhVien.h(198): message : see declaration of 'InputStudent'
D:\WORKSPACE\C++\QLDSV\QuanLyDiemSinhVien\SinhVien.h(198,6): error C2084: function 'void InputStudent(LIST_STUDENT &,STUDENT &,bool)' already has a body
D:\WORKSPACE\C++\QLDSV\QuanLyDiemSinhVien\SinhVien.h(198): message : see previous definition of 'InputStudent'
D:\WORKSPACE\C++\QLDSV\QuanLyDiemSinhVien\SinhVien.h(211,17): error C2027: use of undefined type 'student'
D:\WORKSPACE\C++\QLDSV\QuanLyDiemSinhVien\SinhVien.h(7): message : see declaration of 'student'
D:\WORKSPACE\C++\QLDSV\QuanLyDiemSinhVien\SinhVien.h(212,17): error C2027: use of undefined type 'student'
D:\WORKSPACE\C++\QLDSV\QuanLyDiemSinhVien\SinhVien.h(7): message : see declaration of 'student'
D:\WORKSPACE\C++\QLDSV\QuanLyDiemSinhVien\SinhVien.h(213,16): error C2027: use of undefined type 'student'
D:\WORKSPACE\C++\QLDSV\QuanLyDiemSinhVien\SinhVien.h(7): message : see declaration of 'student'
D:\WORKSPACE\C++\QLDSV\QuanLyDiemSinhVien\SinhVien.h(214,19): error C2027: use of undefined type 'student'
D:\WORKSPACE\C++\QLDSV\QuanLyDiemSinhVien\SinhVien.h(7): message : see declaration of 'student'
D:\WORKSPACE\C++\QLDSV\QuanLyDiemSinhVien\SinhVien.h(215,21): error C2027: use of undefined type 'student'
D:\WORKSPACE\C++\QLDSV\QuanLyDiemSinhVien\SinhVien.h(7): message : see declaration of 'student'
D:\WORKSPACE\C++\QLDSV\QuanLyDiemSinhVien\SinhVien.h(216,11): error C2027: use of undefined type 'student'
D:\WORKSPACE\C++\QLDSV\QuanLyDiemSinhVien\SinhVien.h(7): message : see declaration of 'student'
D:\WORKSPACE\C++\QLDSV\QuanLyDiemSinhVien\SinhVien.h(240,8): error C2065: 'FindStudent': undeclared identifier
D:\WORKSPACE\C++\QLDSV\QuanLyDiemSinhVien\SinhVien.h(240,57): error C2568: '==': unable to resolve function overload
D:\WORKSPACE\C++\QLDSV\QuanLyDiemSinhVien\SinhVien.h(240,57): message : could be 'bool FindStudent(LIST_STUDENT,char *)'
D:\WORKSPACE\C++\QLDSV\QuanLyDiemSinhVien\SinhVien.h(300,14): error C2027: use of undefined type 'student'
D:\WORKSPACE\C++\QLDSV\QuanLyDiemSinhVien\SinhVien.h(7): message : see declaration of 'student'
D:\WORKSPACE\C++\QLDSV\QuanLyDiemSinhVien\SinhVien.h(301,14): error C2027: use of undefined type 'student'
D:\WORKSPACE\C++\QLDSV\QuanLyDiemSinhVien\SinhVien.h(7): message : see declaration of 'student'
D:\WORKSPACE\C++\QLDSV\QuanLyDiemSinhVien\SinhVien.h(302,14): error C2027: use of undefined type 'student'
D:\WORKSPACE\C++\QLDSV\QuanLyDiemSinhVien\SinhVien.h(7): message : see declaration of 'student'
D:\WORKSPACE\C++\QLDSV\QuanLyDiemSinhVien\SinhVien.h(303,14): error C2027: use of undefined type 'student'
D:\WORKSPACE\C++\QLDSV\QuanLyDiemSinhVien\SinhVien.h(7): message : see declaration of 'student'
D:\WORKSPACE\C++\QLDSV\QuanLyDiemSinhVien\SinhVien.h(304,7): error C2027: use of undefined type 'student'
D:\WORKSPACE\C++\QLDSV\QuanLyDiemSinhVien\SinhVien.h(7): message : see declaration of 'student'
D:\WORKSPACE\C++\QLDSV\QuanLyDiemSinhVien\SinhVien.h(306,7): error C2027: use of undefined type 'student'
D:\WORKSPACE\C++\QLDSV\QuanLyDiemSinhVien\SinhVien.h(7): message : see declaration of 'student'
D:\WORKSPACE\C++\QLDSV\QuanLyDiemSinhVien\SinhVien.h(307,20): error C2027: use of undefined type 'student'
D:\WORKSPACE\C++\QLDSV\QuanLyDiemSinhVien\SinhVien.h(7): message : see declaration of 'student'
D:\WORKSPACE\C++\QLDSV\QuanLyDiemSinhVien\SinhVien.h(308,20): error C2027: use of undefined type 'student'
D:\WORKSPACE\C++\QLDSV\QuanLyDiemSinhVien\SinhVien.h(7): message : see declaration of 'student'
D:\WORKSPACE\C++\QLDSV\QuanLyDiemSinhVien\SinhVien.h(312,14): error C2079: 'p' uses undefined struct 'student'
D:\WORKSPACE\C++\QLDSV\QuanLyDiemSinhVien\SinhVien.h(313,27): error C2027: use of undefined type 'ListStudent'
D:\WORKSPACE\C++\QLDSV\QuanLyDiemSinhVien\SinhVien.h(19): message : see declaration of 'ListStudent'
D:\WORKSPACE\C++\QLDSV\QuanLyDiemSinhVien\SinhVien.h(314,10): error C2027: use of undefined type 'student'
D:\WORKSPACE\C++\QLDSV\QuanLyDiemSinhVien\SinhVien.h(7): message : see declaration of 'student'
D:\WORKSPACE\C++\QLDSV\QuanLyDiemSinhVien\SinhVien.h(314,10): error C2027: use of undefined type 'ListStudent'
D:\WORKSPACE\C++\QLDSV\QuanLyDiemSinhVien\SinhVien.h(19): message : see declaration of 'ListStudent'
D:\WORKSPACE\C++\QLDSV\QuanLyDiemSinhVien\SinhVien.h(315,12): error C2027: use of undefined type 'student'
D:\WORKSPACE\C++\QLDSV\QuanLyDiemSinhVien\SinhVien.h(7): message : see declaration of 'student'
D:\WORKSPACE\C++\QLDSV\QuanLyDiemSinhVien\SinhVien.h(322,6): error C2065: 'InsertOrderForListStudent': undeclared identifier
D:\WORKSPACE\C++\QLDSV\QuanLyDiemSinhVien\SinhVien.h(324,27): error C2027: use of undefined type 'ListStudent'
D:\WORKSPACE\C++\QLDSV\QuanLyDiemSinhVien\SinhVien.h(19): message : see declaration of 'ListStudent'
D:\WORKSPACE\C++\QLDSV\QuanLyDiemSinhVien\SinhVien.h(338,6): error C2084: function 'void SetDefaultChooseStudent(STUDENT,int)' already has a body
D:\WORKSPACE\C++\QLDSV\QuanLyDiemSinhVien\SinhVien.h(338): message : see previous definition of 'SetDefaultChooseStudent'
D:\WORKSPACE\C++\QLDSV\QuanLyDiemSinhVien\SinhVien.h(338,6): error C2027: use of undefined type 'student'
D:\WORKSPACE\C++\QLDSV\QuanLyDiemSinhVien\SinhVien.h(7): message : see declaration of 'student'
D:\WORKSPACE\C++\QLDSV\QuanLyDiemSinhVien\SinhVien.h(341,2): error C2065: 'OutputStudent': undeclared identifier
D:\WORKSPACE\C++\QLDSV\QuanLyDiemSinhVien\SinhVien.h(345,6): error C2084: function 'void EffectiveMenuStudent(int,STUDENT,STUDENT)' already has a body
D:\WORKSPACE\C++\QLDSV\QuanLyDiemSinhVien\SinhVien.h(345): message : see previous definition of 'EffectiveMenuStudent'
D:\WORKSPACE\C++\QLDSV\QuanLyDiemSinhVien\SinhVien.h(345,6): error C2027: use of undefined type 'student'
D:\WORKSPACE\C++\QLDSV\QuanLyDiemSinhVien\SinhVien.h(7): message : see declaration of 'student'
D:\WORKSPACE\C++\QLDSV\QuanLyDiemSinhVien\SinhVien.h(348,2): error C2065: 'SetDefaultChooseStudent': undeclared identifier
D:\WORKSPACE\C++\QLDSV\QuanLyDiemSinhVien\SinhVien.h(349,2): error C2065: 'OutputStudent': undeclared identifier
D:\WORKSPACE\C++\QLDSV\QuanLyDiemSinhVien\SinhVien.h(353,6): error C2084: function 'void ChangePageChooseStudent(LIST_STUDENT)' already has a body
D:\WORKSPACE\C++\QLDSV\QuanLyDiemSinhVien\SinhVien.h(353): message : see previous definition of 'ChangePageChooseStudent'
D:\WORKSPACE\C++\QLDSV\QuanLyDiemSinhVien\SinhVien.h(353,6): error C2027: use of undefined type 'ListStudent'
D:\WORKSPACE\C++\QLDSV\QuanLyDiemSinhVien\SinhVien.h(19): message : see declaration of 'ListStudent'
D:\WORKSPACE\C++\QLDSV\QuanLyDiemSinhVien\SinhVien.h(361,9): error C2084: function 'STUDENT ChooseStudent(LIST_STUDENT)' already has a body
D:\WORKSPACE\C++\QLDSV\QuanLyDiemSinhVien\SinhVien.h(361): message : see previous definition of 'ChooseStudent'
D:\WORKSPACE\C++\QLDSV\QuanLyDiemSinhVien\SinhVien.h(362,1): error C2027: use of undefined type 'student'
D:\WORKSPACE\C++\QLDSV\QuanLyDiemSinhVien\SinhVien.h(7): message : see declaration of 'student'
D:\WORKSPACE\C++\QLDSV\QuanLyDiemSinhVien\SinhVien.h(361,9): error C2027: use of undefined type 'ListStudent'
D:\WORKSPACE\C++\QLDSV\QuanLyDiemSinhVien\SinhVien.h(19): message : see declaration of 'ListStudent'
D:\WORKSPACE\C++\QLDSV\QuanLyDiemSinhVien\SinhVien.h(361,9): error C2027: use of undefined type 'student'
D:\WORKSPACE\C++\QLDSV\QuanLyDiemSinhVien\SinhVien.h(7): message : see declaration of 'student'
D:\WORKSPACE\C++\QLDSV\QuanLyDiemSinhVien\SinhVien.h(368,24): error C2027: use of undefined type 'ListStudent'
D:\WORKSPACE\C++\QLDSV\QuanLyDiemSinhVien\SinhVien.h(19): message : see declaration of 'ListStudent'
D:\WORKSPACE\C++\QLDSV\QuanLyDiemSinhVien\SinhVien.h(370,10): error C2079: 'newNodeStudent' uses undefined struct 'student'
D:\WORKSPACE\C++\QLDSV\QuanLyDiemSinhVien\SinhVien.h(370,28): error C2027: use of undefined type 'ListStudent'
D:\WORKSPACE\C++\QLDSV\QuanLyDiemSinhVien\SinhVien.h(19): message : see declaration of 'ListStudent'
D:\WORKSPACE\C++\QLDSV\QuanLyDiemSinhVien\SinhVien.h(371,10): error C2079: 'oldNodeStudent' uses undefined struct 'student'
D:\WORKSPACE\C++\QLDSV\QuanLyDiemSinhVien\SinhVien.h(373,2): error C2065: 'OutputListStudentWithIdClassPerPage': undeclared identifier
D:\WORKSPACE\C++\QLDSV\QuanLyDiemSinhVien\SinhVien.h(374,2): error C2065: 'SetDefaultChooseStudent': undeclared identifier
D:\WORKSPACE\C++\QLDSV\QuanLyDiemSinhVien\SinhVien.h(389,5): error C2065: 'EffectiveMenuStudent': undeclared identifier
D:\WORKSPACE\C++\QLDSV\QuanLyDiemSinhVien\SinhVien.h(389,72): fatal error C1003: error count exceeds 100; stopping compilation
